2022/09/14 09:07:33 [error] [exception.CDbException] exception 'CDbException' with message 'CDbConnection failed to open the DB connection: SQLSTATE[HY000] [2054] The server requested authentication method unknown to the client' in /var/www/html/yii.1.1.25/framework/db/CDbConnection.php:399
Stack trace:
#0 /var/www/html/yii.1.1.25/framework/db/CDbConnection.php(347): CDbConnection->open()
#1 /var/www/html/yii.1.1.25/framework/db/CDbConnection.php(325): CDbConnection->setActive(true)
#2 /var/www/html/yii.1.1.25/framework/base/CModule.php(394): CDbConnection->init()
#3 /var/www/html/yii.1.1.25/framework/base/CModule.php(103): CModule->getComponent('db')
#4 /var/www/html/yii.1.1.25/framework/gii/generators/model/ModelCode.php(60): CModule->__get('db')
#5 /var/www/html/yii.1.1.25/framework/web/CFormModel.php(39): ModelCode->init()
#6 /var/www/html/yii.1.1.25/framework/gii/CCodeGenerator.php(153): CFormModel->__construct()
#7 /var/www/html/yii.1.1.25/framework/gii/CCodeGenerator.php(63): CCodeGenerator->prepare()
#8 /var/www/html/yii.1.1.25/framework/web/actions/CInlineAction.php(49): CCodeGenerator->actionIndex()
#9 /var/www/html/yii.1.1.25/framework/web/CController.php(308): CInlineAction->runWithParams(Array)
#10 /var/www/html/yii.1.1.25/framework/web/CController.php(286): CController->runAction(Object(CInlineAction))
#11 /var/www/html/yii.1.1.25/framework/web/CController.php(265): CController->runActionWithFilters(Object(CInlineAction), Array)
#12 /var/www/html/yii.1.1.25/framework/web/CWebApplication.php(282): CController->run('index')
#13 /var/www/html/yii.1.1.25/framework/web/CWebApplication.php(141): CWebApplication->runController('gii/model/index')
#14 /var/www/html/yii.1.1.25/framework/base/CApplication.php(185): CWebApplication->processRequest()
#15 /var/www/html/demotest/index.php(13): CApplication->run()
#16 {main}
REQUEST_URI=/index.php?r=gii/model/index
HTTP_REFERER=http://demotest/index.php?r=gii/default/index
---
2022/09/14 09:07:49 [error] [exception.CDbException] exception 'CDbException' with message 'CDbConnection failed to open the DB connection: SQLSTATE[HY000] [2054] The server requested authentication method unknown to the client' in /var/www/html/yii.1.1.25/framework/db/CDbConnection.php:399
Stack trace:
#0 /var/www/html/yii.1.1.25/framework/db/CDbConnection.php(347): CDbConnection->open()
#1 /var/www/html/yii.1.1.25/framework/db/CDbConnection.php(325): CDbConnection->setActive(true)
#2 /var/www/html/yii.1.1.25/framework/base/CModule.php(394): CDbConnection->init()
#3 /var/www/html/yii.1.1.25/framework/base/CModule.php(103): CModule->getComponent('db')
#4 /var/www/html/yii.1.1.25/framework/gii/generators/crud/CrudCode.php(44): CModule->__get('db')
#5 /var/www/html/yii.1.1.25/framework/web/CFormModel.php(39): CrudCode->init()
#6 /var/www/html/yii.1.1.25/framework/gii/CCodeGenerator.php(153): CFormModel->__construct()
#7 /var/www/html/yii.1.1.25/framework/gii/CCodeGenerator.php(63): CCodeGenerator->prepare()
#8 /var/www/html/yii.1.1.25/framework/web/actions/CInlineAction.php(49): CCodeGenerator->actionIndex()
#9 /var/www/html/yii.1.1.25/framework/web/CController.php(308): CInlineAction->runWithParams(Array)
#10 /var/www/html/yii.1.1.25/framework/web/CController.php(286): CController->runAction(Object(CInlineAction))
#11 /var/www/html/yii.1.1.25/framework/web/CController.php(265): CController->runActionWithFilters(Object(CInlineAction), Array)
#12 /var/www/html/yii.1.1.25/framework/web/CWebApplication.php(282): CController->run('index')
#13 /var/www/html/yii.1.1.25/framework/web/CWebApplication.php(141): CWebApplication->runController('gii/crud/index')
#14 /var/www/html/yii.1.1.25/framework/base/CApplication.php(185): CWebApplication->processRequest()
#15 /var/www/html/demotest/index.php(13): CApplication->run()
#16 {main}
REQUEST_URI=/index.php?r=gii/crud/index
HTTP_REFERER=http://demotest/index.php?r=gii/default/index
---
2022/09/14 09:07:54 [error] [exception.CDbException] exception 'CDbException' with message 'CDbConnection failed to open the DB connection: SQLSTATE[HY000] [2054] The server requested authentication method unknown to the client' in /var/www/html/yii.1.1.25/framework/db/CDbConnection.php:399
Stack trace:
#0 /var/www/html/yii.1.1.25/framework/db/CDbConnection.php(347): CDbConnection->open()
#1 /var/www/html/yii.1.1.25/framework/db/CDbConnection.php(325): CDbConnection->setActive(true)
#2 /var/www/html/yii.1.1.25/framework/base/CModule.php(394): CDbConnection->init()
#3 /var/www/html/yii.1.1.25/framework/base/CModule.php(103): CModule->getComponent('db')
#4 /var/www/html/yii.1.1.25/framework/gii/generators/model/ModelCode.php(60): CModule->__get('db')
#5 /var/www/html/yii.1.1.25/framework/web/CFormModel.php(39): ModelCode->init()
#6 /var/www/html/yii.1.1.25/framework/gii/CCodeGenerator.php(153): CFormModel->__construct()
#7 /var/www/html/yii.1.1.25/framework/gii/CCodeGenerator.php(63): CCodeGenerator->prepare()
#8 /var/www/html/yii.1.1.25/framework/web/actions/CInlineAction.php(49): CCodeGenerator->actionIndex()
#9 /var/www/html/yii.1.1.25/framework/web/CController.php(308): CInlineAction->runWithParams(Array)
#10 /var/www/html/yii.1.1.25/framework/web/CController.php(286): CController->runAction(Object(CInlineAction))
#11 /var/www/html/yii.1.1.25/framework/web/CController.php(265): CController->runActionWithFilters(Object(CInlineAction), Array)
#12 /var/www/html/yii.1.1.25/framework/web/CWebApplication.php(282): CController->run('index')
#13 /var/www/html/yii.1.1.25/framework/web/CWebApplication.php(141): CWebApplication->runController('gii/model/index')
#14 /var/www/html/yii.1.1.25/framework/base/CApplication.php(185): CWebApplication->processRequest()
#15 /var/www/html/demotest/index.php(13): CApplication->run()
#16 {main}
REQUEST_URI=/index.php?r=gii/model/index
HTTP_REFERER=http://demotest/index.php?r=gii/default/index
---
2022/09/14 09:08:47 [error] [exception.CDbException] exception 'CDbException' with message 'CDbConnection failed to open the DB connection: SQLSTATE[HY000] [2054] The server requested authentication method unknown to the client' in /var/www/html/yii.1.1.25/framework/db/CDbConnection.php:399
Stack trace:
#0 /var/www/html/yii.1.1.25/framework/db/CDbConnection.php(347): CDbConnection->open()
#1 /var/www/html/yii.1.1.25/framework/db/CDbConnection.php(325): CDbConnection->setActive(true)
#2 /var/www/html/yii.1.1.25/framework/base/CModule.php(394): CDbConnection->init()
#3 /var/www/html/yii.1.1.25/framework/base/CModule.php(103): CModule->getComponent('db')
#4 /var/www/html/yii.1.1.25/framework/gii/generators/model/ModelCode.php(60): CModule->__get('db')
#5 /var/www/html/yii.1.1.25/framework/web/CFormModel.php(39): ModelCode->init()
#6 /var/www/html/yii.1.1.25/framework/gii/CCodeGenerator.php(153): CFormModel->__construct()
#7 /var/www/html/yii.1.1.25/framework/gii/CCodeGenerator.php(63): CCodeGenerator->prepare()
#8 /var/www/html/yii.1.1.25/framework/web/actions/CInlineAction.php(49): CCodeGenerator->actionIndex()
#9 /var/www/html/yii.1.1.25/framework/web/CController.php(308): CInlineAction->runWithParams(Array)
#10 /var/www/html/yii.1.1.25/framework/web/CController.php(286): CController->runAction(Object(CInlineAction))
#11 /var/www/html/yii.1.1.25/framework/web/CController.php(265): CController->runActionWithFilters(Object(CInlineAction), Array)
#12 /var/www/html/yii.1.1.25/framework/web/CWebApplication.php(282): CController->run('index')
#13 /var/www/html/yii.1.1.25/framework/web/CWebApplication.php(141): CWebApplication->runController('gii/model/index')
#14 /var/www/html/yii.1.1.25/framework/base/CApplication.php(185): CWebApplication->processRequest()
#15 /var/www/html/demotest/index.php(13): CApplication->run()
#16 {main}
REQUEST_URI=/index.php?r=gii/model/index
HTTP_REFERER=http://demotest/index.php?r=gii/default/index
---
2022/09/14 09:27:47 [error] [exception.CDbException] exception 'CDbException' with message 'CDbConnection failed to open the DB connection: SQLSTATE[HY000] [2054] The server requested authentication method unknown to the client' in /var/www/html/yii.1.1.25/framework/db/CDbConnection.php:399
Stack trace:
#0 /var/www/html/yii.1.1.25/framework/db/CDbConnection.php(347): CDbConnection->open()
#1 /var/www/html/yii.1.1.25/framework/db/CDbConnection.php(325): CDbConnection->setActive(true)
#2 /var/www/html/yii.1.1.25/framework/base/CModule.php(394): CDbConnection->init()
#3 /var/www/html/yii.1.1.25/framework/base/CModule.php(103): CModule->getComponent('db')
#4 /var/www/html/yii.1.1.25/framework/gii/generators/model/ModelCode.php(60): CModule->__get('db')
#5 /var/www/html/yii.1.1.25/framework/web/CFormModel.php(39): ModelCode->init()
#6 /var/www/html/yii.1.1.25/framework/gii/CCodeGenerator.php(153): CFormModel->__construct()
#7 /var/www/html/yii.1.1.25/framework/gii/CCodeGenerator.php(63): CCodeGenerator->prepare()
#8 /var/www/html/yii.1.1.25/framework/web/actions/CInlineAction.php(49): CCodeGenerator->actionIndex()
#9 /var/www/html/yii.1.1.25/framework/web/CController.php(308): CInlineAction->runWithParams(Array)
#10 /var/www/html/yii.1.1.25/framework/web/CController.php(286): CController->runAction(Object(CInlineAction))
#11 /var/www/html/yii.1.1.25/framework/web/CController.php(265): CController->runActionWithFilters(Object(CInlineAction), Array)
#12 /var/www/html/yii.1.1.25/framework/web/CWebApplication.php(282): CController->run('index')
#13 /var/www/html/yii.1.1.25/framework/web/CWebApplication.php(141): CWebApplication->runController('gii/model/index')
#14 /var/www/html/yii.1.1.25/framework/base/CApplication.php(185): CWebApplication->processRequest()
#15 /var/www/html/demotest/index.php(13): CApplication->run()
#16 {main}
REQUEST_URI=/index.php?r=gii/model/index
HTTP_REFERER=http://demotest/index.php?r=gii/default/index
---
2022/09/14 09:27:50 [error] [exception.CDbException] exception 'CDbException' with message 'CDbConnection failed to open the DB connection: SQLSTATE[HY000] [2054] The server requested authentication method unknown to the client' in /var/www/html/yii.1.1.25/framework/db/CDbConnection.php:399
Stack trace:
#0 /var/www/html/yii.1.1.25/framework/db/CDbConnection.php(347): CDbConnection->open()
#1 /var/www/html/yii.1.1.25/framework/db/CDbConnection.php(325): CDbConnection->setActive(true)
#2 /var/www/html/yii.1.1.25/framework/base/CModule.php(394): CDbConnection->init()
#3 /var/www/html/yii.1.1.25/framework/base/CModule.php(103): CModule->getComponent('db')
#4 /var/www/html/yii.1.1.25/framework/gii/generators/model/ModelCode.php(60): CModule->__get('db')
#5 /var/www/html/yii.1.1.25/framework/web/CFormModel.php(39): ModelCode->init()
#6 /var/www/html/yii.1.1.25/framework/gii/CCodeGenerator.php(153): CFormModel->__construct()
#7 /var/www/html/yii.1.1.25/framework/gii/CCodeGenerator.php(63): CCodeGenerator->prepare()
#8 /var/www/html/yii.1.1.25/framework/web/actions/CInlineAction.php(49): CCodeGenerator->actionIndex()
#9 /var/www/html/yii.1.1.25/framework/web/CController.php(308): CInlineAction->runWithParams(Array)
#10 /var/www/html/yii.1.1.25/framework/web/CController.php(286): CController->runAction(Object(CInlineAction))
#11 /var/www/html/yii.1.1.25/framework/web/CController.php(265): CController->runActionWithFilters(Object(CInlineAction), Array)
#12 /var/www/html/yii.1.1.25/framework/web/CWebApplication.php(282): CController->run('index')
#13 /var/www/html/yii.1.1.25/framework/web/CWebApplication.php(141): CWebApplication->runController('gii/model/index')
#14 /var/www/html/yii.1.1.25/framework/base/CApplication.php(185): CWebApplication->processRequest()
#15 /var/www/html/demotest/index.php(13): CApplication->run()
#16 {main}
REQUEST_URI=/index.php?r=gii/model/index
HTTP_REFERER=http://demotest/index.php?r=gii/default/index
---
2022/09/14 09:27:50 [error] [exception.CDbException] exception 'CDbException' with message 'CDbConnection failed to open the DB connection: SQLSTATE[HY000] [2054] The server requested authentication method unknown to the client' in /var/www/html/yii.1.1.25/framework/db/CDbConnection.php:399
Stack trace:
#0 /var/www/html/yii.1.1.25/framework/db/CDbConnection.php(347): CDbConnection->open()
#1 /var/www/html/yii.1.1.25/framework/db/CDbConnection.php(325): CDbConnection->setActive(true)
#2 /var/www/html/yii.1.1.25/framework/base/CModule.php(394): CDbConnection->init()
#3 /var/www/html/yii.1.1.25/framework/base/CModule.php(103): CModule->getComponent('db')
#4 /var/www/html/yii.1.1.25/framework/gii/generators/model/ModelCode.php(60): CModule->__get('db')
#5 /var/www/html/yii.1.1.25/framework/web/CFormModel.php(39): ModelCode->init()
#6 /var/www/html/yii.1.1.25/framework/gii/CCodeGenerator.php(153): CFormModel->__construct()
#7 /var/www/html/yii.1.1.25/framework/gii/CCodeGenerator.php(63): CCodeGenerator->prepare()
#8 /var/www/html/yii.1.1.25/framework/web/actions/CInlineAction.php(49): CCodeGenerator->actionIndex()
#9 /var/www/html/yii.1.1.25/framework/web/CController.php(308): CInlineAction->runWithParams(Array)
#10 /var/www/html/yii.1.1.25/framework/web/CController.php(286): CController->runAction(Object(CInlineAction))
#11 /var/www/html/yii.1.1.25/framework/web/CController.php(265): CController->runActionWithFilters(Object(CInlineAction), Array)
#12 /var/www/html/yii.1.1.25/framework/web/CWebApplication.php(282): CController->run('index')
#13 /var/www/html/yii.1.1.25/framework/web/CWebApplication.php(141): CWebApplication->runController('gii/model/index')
#14 /var/www/html/yii.1.1.25/framework/base/CApplication.php(185): CWebApplication->processRequest()
#15 /var/www/html/demotest/index.php(13): CApplication->run()
#16 {main}
REQUEST_URI=/index.php?r=gii/model/index
HTTP_REFERER=http://demotest/index.php?r=gii/default/index
---
2022/09/14 09:27:51 [error] [exception.CDbException] exception 'CDbException' with message 'CDbConnection failed to open the DB connection: SQLSTATE[HY000] [2054] The server requested authentication method unknown to the client' in /var/www/html/yii.1.1.25/framework/db/CDbConnection.php:399
Stack trace:
#0 /var/www/html/yii.1.1.25/framework/db/CDbConnection.php(347): CDbConnection->open()
#1 /var/www/html/yii.1.1.25/framework/db/CDbConnection.php(325): CDbConnection->setActive(true)
#2 /var/www/html/yii.1.1.25/framework/base/CModule.php(394): CDbConnection->init()
#3 /var/www/html/yii.1.1.25/framework/base/CModule.php(103): CModule->getComponent('db')
#4 /var/www/html/yii.1.1.25/framework/gii/generators/model/ModelCode.php(60): CModule->__get('db')
#5 /var/www/html/yii.1.1.25/framework/web/CFormModel.php(39): ModelCode->init()
#6 /var/www/html/yii.1.1.25/framework/gii/CCodeGenerator.php(153): CFormModel->__construct()
#7 /var/www/html/yii.1.1.25/framework/gii/CCodeGenerator.php(63): CCodeGenerator->prepare()
#8 /var/www/html/yii.1.1.25/framework/web/actions/CInlineAction.php(49): CCodeGenerator->actionIndex()
#9 /var/www/html/yii.1.1.25/framework/web/CController.php(308): CInlineAction->runWithParams(Array)
#10 /var/www/html/yii.1.1.25/framework/web/CController.php(286): CController->runAction(Object(CInlineAction))
#11 /var/www/html/yii.1.1.25/framework/web/CController.php(265): CController->runActionWithFilters(Object(CInlineAction), Array)
#12 /var/www/html/yii.1.1.25/framework/web/CWebApplication.php(282): CController->run('index')
#13 /var/www/html/yii.1.1.25/framework/web/CWebApplication.php(141): CWebApplication->runController('gii/model/index')
#14 /var/www/html/yii.1.1.25/framework/base/CApplication.php(185): CWebApplication->processRequest()
#15 /var/www/html/demotest/index.php(13): CApplication->run()
#16 {main}
REQUEST_URI=/index.php?r=gii/model/index
HTTP_REFERER=http://demotest/index.php?r=gii/default/index
---
2022/09/14 09:27:51 [error] [exception.CDbException] exception 'CDbException' with message 'CDbConnection failed to open the DB connection: SQLSTATE[HY000] [2054] The server requested authentication method unknown to the client' in /var/www/html/yii.1.1.25/framework/db/CDbConnection.php:399
Stack trace:
#0 /var/www/html/yii.1.1.25/framework/db/CDbConnection.php(347): CDbConnection->open()
#1 /var/www/html/yii.1.1.25/framework/db/CDbConnection.php(325): CDbConnection->setActive(true)
#2 /var/www/html/yii.1.1.25/framework/base/CModule.php(394): CDbConnection->init()
#3 /var/www/html/yii.1.1.25/framework/base/CModule.php(103): CModule->getComponent('db')
#4 /var/www/html/yii.1.1.25/framework/gii/generators/model/ModelCode.php(60): CModule->__get('db')
#5 /var/www/html/yii.1.1.25/framework/web/CFormModel.php(39): ModelCode->init()
#6 /var/www/html/yii.1.1.25/framework/gii/CCodeGenerator.php(153): CFormModel->__construct()
#7 /var/www/html/yii.1.1.25/framework/gii/CCodeGenerator.php(63): CCodeGenerator->prepare()
#8 /var/www/html/yii.1.1.25/framework/web/actions/CInlineAction.php(49): CCodeGenerator->actionIndex()
#9 /var/www/html/yii.1.1.25/framework/web/CController.php(308): CInlineAction->runWithParams(Array)
#10 /var/www/html/yii.1.1.25/framework/web/CController.php(286): CController->runAction(Object(CInlineAction))
#11 /var/www/html/yii.1.1.25/framework/web/CController.php(265): CController->runActionWithFilters(Object(CInlineAction), Array)
#12 /var/www/html/yii.1.1.25/framework/web/CWebApplication.php(282): CController->run('index')
#13 /var/www/html/yii.1.1.25/framework/web/CWebApplication.php(141): CWebApplication->runController('gii/model/index')
#14 /var/www/html/yii.1.1.25/framework/base/CApplication.php(185): CWebApplication->processRequest()
#15 /var/www/html/demotest/index.php(13): CApplication->run()
#16 {main}
REQUEST_URI=/index.php?r=gii/model/index
HTTP_REFERER=http://demotest/index.php?r=gii/default/index
---
2022/09/14 09:27:51 [error] [exception.CDbException] exception 'CDbException' with message 'CDbConnection failed to open the DB connection: SQLSTATE[HY000] [2054] The server requested authentication method unknown to the client' in /var/www/html/yii.1.1.25/framework/db/CDbConnection.php:399
Stack trace:
#0 /var/www/html/yii.1.1.25/framework/db/CDbConnection.php(347): CDbConnection->open()
#1 /var/www/html/yii.1.1.25/framework/db/CDbConnection.php(325): CDbConnection->setActive(true)
#2 /var/www/html/yii.1.1.25/framework/base/CModule.php(394): CDbConnection->init()
#3 /var/www/html/yii.1.1.25/framework/base/CModule.php(103): CModule->getComponent('db')
#4 /var/www/html/yii.1.1.25/framework/gii/generators/model/ModelCode.php(60): CModule->__get('db')
#5 /var/www/html/yii.1.1.25/framework/web/CFormModel.php(39): ModelCode->init()
#6 /var/www/html/yii.1.1.25/framework/gii/CCodeGenerator.php(153): CFormModel->__construct()
#7 /var/www/html/yii.1.1.25/framework/gii/CCodeGenerator.php(63): CCodeGenerator->prepare()
#8 /var/www/html/yii.1.1.25/framework/web/actions/CInlineAction.php(49): CCodeGenerator->actionIndex()
#9 /var/www/html/yii.1.1.25/framework/web/CController.php(308): CInlineAction->runWithParams(Array)
#10 /var/www/html/yii.1.1.25/framework/web/CController.php(286): CController->runAction(Object(CInlineAction))
#11 /var/www/html/yii.1.1.25/framework/web/CController.php(265): CController->runActionWithFilters(Object(CInlineAction), Array)
#12 /var/www/html/yii.1.1.25/framework/web/CWebApplication.php(282): CController->run('index')
#13 /var/www/html/yii.1.1.25/framework/web/CWebApplication.php(141): CWebApplication->runController('gii/model/index')
#14 /var/www/html/yii.1.1.25/framework/base/CApplication.php(185): CWebApplication->processRequest()
#15 /var/www/html/demotest/index.php(13): CApplication->run()
#16 {main}
REQUEST_URI=/index.php?r=gii/model/index
HTTP_REFERER=http://demotest/index.php?r=gii/default/index
---
2022/09/14 09:27:51 [error] [exception.CDbException] exception 'CDbException' with message 'CDbConnection failed to open the DB connection: SQLSTATE[HY000] [2054] The server requested authentication method unknown to the client' in /var/www/html/yii.1.1.25/framework/db/CDbConnection.php:399
Stack trace:
#0 /var/www/html/yii.1.1.25/framework/db/CDbConnection.php(347): CDbConnection->open()
#1 /var/www/html/yii.1.1.25/framework/db/CDbConnection.php(325): CDbConnection->setActive(true)
#2 /var/www/html/yii.1.1.25/framework/base/CModule.php(394): CDbConnection->init()
#3 /var/www/html/yii.1.1.25/framework/base/CModule.php(103): CModule->getComponent('db')
#4 /var/www/html/yii.1.1.25/framework/gii/generators/model/ModelCode.php(60): CModule->__get('db')
#5 /var/www/html/yii.1.1.25/framework/web/CFormModel.php(39): ModelCode->init()
#6 /var/www/html/yii.1.1.25/framework/gii/CCodeGenerator.php(153): CFormModel->__construct()
#7 /var/www/html/yii.1.1.25/framework/gii/CCodeGenerator.php(63): CCodeGenerator->prepare()
#8 /var/www/html/yii.1.1.25/framework/web/actions/CInlineAction.php(49): CCodeGenerator->actionIndex()
#9 /var/www/html/yii.1.1.25/framework/web/CController.php(308): CInlineAction->runWithParams(Array)
#10 /var/www/html/yii.1.1.25/framework/web/CController.php(286): CController->runAction(Object(CInlineAction))
#11 /var/www/html/yii.1.1.25/framework/web/CController.php(265): CController->runActionWithFilters(Object(CInlineAction), Array)
#12 /var/www/html/yii.1.1.25/framework/web/CWebApplication.php(282): CController->run('index')
#13 /var/www/html/yii.1.1.25/framework/web/CWebApplication.php(141): CWebApplication->runController('gii/model/index')
#14 /var/www/html/yii.1.1.25/framework/base/CApplication.php(185): CWebApplication->processRequest()
#15 /var/www/html/demotest/index.php(13): CApplication->run()
#16 {main}
REQUEST_URI=/index.php?r=gii/model/index
HTTP_REFERER=http://demotest/index.php?r=gii/default/index
---
2022/09/14 09:27:51 [error] [exception.CDbException] exception 'CDbException' with message 'CDbConnection failed to open the DB connection: SQLSTATE[HY000] [2054] The server requested authentication method unknown to the client' in /var/www/html/yii.1.1.25/framework/db/CDbConnection.php:399
Stack trace:
#0 /var/www/html/yii.1.1.25/framework/db/CDbConnection.php(347): CDbConnection->open()
#1 /var/www/html/yii.1.1.25/framework/db/CDbConnection.php(325): CDbConnection->setActive(true)
#2 /var/www/html/yii.1.1.25/framework/base/CModule.php(394): CDbConnection->init()
#3 /var/www/html/yii.1.1.25/framework/base/CModule.php(103): CModule->getComponent('db')
#4 /var/www/html/yii.1.1.25/framework/gii/generators/model/ModelCode.php(60): CModule->__get('db')
#5 /var/www/html/yii.1.1.25/framework/web/CFormModel.php(39): ModelCode->init()
#6 /var/www/html/yii.1.1.25/framework/gii/CCodeGenerator.php(153): CFormModel->__construct()
#7 /var/www/html/yii.1.1.25/framework/gii/CCodeGenerator.php(63): CCodeGenerator->prepare()
#8 /var/www/html/yii.1.1.25/framework/web/actions/CInlineAction.php(49): CCodeGenerator->actionIndex()
#9 /var/www/html/yii.1.1.25/framework/web/CController.php(308): CInlineAction->runWithParams(Array)
#10 /var/www/html/yii.1.1.25/framework/web/CController.php(286): CController->runAction(Object(CInlineAction))
#11 /var/www/html/yii.1.1.25/framework/web/CController.php(265): CController->runActionWithFilters(Object(CInlineAction), Array)
#12 /var/www/html/yii.1.1.25/framework/web/CWebApplication.php(282): CController->run('index')
#13 /var/www/html/yii.1.1.25/framework/web/CWebApplication.php(141): CWebApplication->runController('gii/model/index')
#14 /var/www/html/yii.1.1.25/framework/base/CApplication.php(185): CWebApplication->processRequest()
#15 /var/www/html/demotest/index.php(13): CApplication->run()
#16 {main}
REQUEST_URI=/index.php?r=gii/model/index
HTTP_REFERER=http://demotest/index.php?r=gii/default/index
---
2022/09/14 09:28:44 [error] [exception.CDbException] exception 'CDbException' with message 'CDbConnection failed to open the DB connection: SQLSTATE[HY000] [2054] The server requested authentication method unknown to the client' in /var/www/html/yii.1.1.25/framework/db/CDbConnection.php:399
Stack trace:
#0 /var/www/html/yii.1.1.25/framework/db/CDbConnection.php(347): CDbConnection->open()
#1 /var/www/html/yii.1.1.25/framework/db/CDbConnection.php(325): CDbConnection->setActive(true)
#2 /var/www/html/yii.1.1.25/framework/base/CModule.php(394): CDbConnection->init()
#3 /var/www/html/yii.1.1.25/framework/base/CModule.php(103): CModule->getComponent('db')
#4 /var/www/html/yii.1.1.25/framework/gii/generators/model/ModelCode.php(60): CModule->__get('db')
#5 /var/www/html/yii.1.1.25/framework/web/CFormModel.php(39): ModelCode->init()
#6 /var/www/html/yii.1.1.25/framework/gii/CCodeGenerator.php(153): CFormModel->__construct()
#7 /var/www/html/yii.1.1.25/framework/gii/CCodeGenerator.php(63): CCodeGenerator->prepare()
#8 /var/www/html/yii.1.1.25/framework/web/actions/CInlineAction.php(49): CCodeGenerator->actionIndex()
#9 /var/www/html/yii.1.1.25/framework/web/CController.php(308): CInlineAction->runWithParams(Array)
#10 /var/www/html/yii.1.1.25/framework/web/CController.php(286): CController->runAction(Object(CInlineAction))
#11 /var/www/html/yii.1.1.25/framework/web/CController.php(265): CController->runActionWithFilters(Object(CInlineAction), Array)
#12 /var/www/html/yii.1.1.25/framework/web/CWebApplication.php(282): CController->run('index')
#13 /var/www/html/yii.1.1.25/framework/web/CWebApplication.php(141): CWebApplication->runController('gii/model/index')
#14 /var/www/html/yii.1.1.25/framework/base/CApplication.php(185): CWebApplication->processRequest()
#15 /var/www/html/demotest/index.php(13): CApplication->run()
#16 {main}
REQUEST_URI=/index.php?r=gii/model/index
HTTP_REFERER=http://demotest/index.php?r=gii/default/index
---
2022/09/14 09:28:46 [error] [exception.CDbException] exception 'CDbException' with message 'CDbConnection failed to open the DB connection: SQLSTATE[HY000] [2054] The server requested authentication method unknown to the client' in /var/www/html/yii.1.1.25/framework/db/CDbConnection.php:399
Stack trace:
#0 /var/www/html/yii.1.1.25/framework/db/CDbConnection.php(347): CDbConnection->open()
#1 /var/www/html/yii.1.1.25/framework/db/CDbConnection.php(325): CDbConnection->setActive(true)
#2 /var/www/html/yii.1.1.25/framework/base/CModule.php(394): CDbConnection->init()
#3 /var/www/html/yii.1.1.25/framework/base/CModule.php(103): CModule->getComponent('db')
#4 /var/www/html/yii.1.1.25/framework/gii/generators/model/ModelCode.php(60): CModule->__get('db')
#5 /var/www/html/yii.1.1.25/framework/web/CFormModel.php(39): ModelCode->init()
#6 /var/www/html/yii.1.1.25/framework/gii/CCodeGenerator.php(153): CFormModel->__construct()
#7 /var/www/html/yii.1.1.25/framework/gii/CCodeGenerator.php(63): CCodeGenerator->prepare()
#8 /var/www/html/yii.1.1.25/framework/web/actions/CInlineAction.php(49): CCodeGenerator->actionIndex()
#9 /var/www/html/yii.1.1.25/framework/web/CController.php(308): CInlineAction->runWithParams(Array)
#10 /var/www/html/yii.1.1.25/framework/web/CController.php(286): CController->runAction(Object(CInlineAction))
#11 /var/www/html/yii.1.1.25/framework/web/CController.php(265): CController->runActionWithFilters(Object(CInlineAction), Array)
#12 /var/www/html/yii.1.1.25/framework/web/CWebApplication.php(282): CController->run('index')
#13 /var/www/html/yii.1.1.25/framework/web/CWebApplication.php(141): CWebApplication->runController('gii/model/index')
#14 /var/www/html/yii.1.1.25/framework/base/CApplication.php(185): CWebApplication->processRequest()
#15 /var/www/html/demotest/index.php(13): CApplication->run()
#16 {main}
REQUEST_URI=/index.php?r=gii/model/index
---
2022/09/14 09:28:47 [error] [exception.CDbException] exception 'CDbException' with message 'CDbConnection failed to open the DB connection: SQLSTATE[HY000] [2054] The server requested authentication method unknown to the client' in /var/www/html/yii.1.1.25/framework/db/CDbConnection.php:399
Stack trace:
#0 /var/www/html/yii.1.1.25/framework/db/CDbConnection.php(347): CDbConnection->open()
#1 /var/www/html/yii.1.1.25/framework/db/CDbConnection.php(325): CDbConnection->setActive(true)
#2 /var/www/html/yii.1.1.25/framework/base/CModule.php(394): CDbConnection->init()
#3 /var/www/html/yii.1.1.25/framework/base/CModule.php(103): CModule->getComponent('db')
#4 /var/www/html/yii.1.1.25/framework/gii/generators/model/ModelCode.php(60): CModule->__get('db')
#5 /var/www/html/yii.1.1.25/framework/web/CFormModel.php(39): ModelCode->init()
#6 /var/www/html/yii.1.1.25/framework/gii/CCodeGenerator.php(153): CFormModel->__construct()
#7 /var/www/html/yii.1.1.25/framework/gii/CCodeGenerator.php(63): CCodeGenerator->prepare()
#8 /var/www/html/yii.1.1.25/framework/web/actions/CInlineAction.php(49): CCodeGenerator->actionIndex()
#9 /var/www/html/yii.1.1.25/framework/web/CController.php(308): CInlineAction->runWithParams(Array)
#10 /var/www/html/yii.1.1.25/framework/web/CController.php(286): CController->runAction(Object(CInlineAction))
#11 /var/www/html/yii.1.1.25/framework/web/CController.php(265): CController->runActionWithFilters(Object(CInlineAction), Array)
#12 /var/www/html/yii.1.1.25/framework/web/CWebApplication.php(282): CController->run('index')
#13 /var/www/html/yii.1.1.25/framework/web/CWebApplication.php(141): CWebApplication->runController('gii/model/index')
#14 /var/www/html/yii.1.1.25/framework/base/CApplication.php(185): CWebApplication->processRequest()
#15 /var/www/html/demotest/index.php(13): CApplication->run()
#16 {main}
REQUEST_URI=/index.php?r=gii/model/index
---
2022/09/14 09:28:48 [error] [exception.CDbException] exception 'CDbException' with message 'CDbConnection failed to open the DB connection: SQLSTATE[HY000] [2054] The server requested authentication method unknown to the client' in /var/www/html/yii.1.1.25/framework/db/CDbConnection.php:399
Stack trace:
#0 /var/www/html/yii.1.1.25/framework/db/CDbConnection.php(347): CDbConnection->open()
#1 /var/www/html/yii.1.1.25/framework/db/CDbConnection.php(325): CDbConnection->setActive(true)
#2 /var/www/html/yii.1.1.25/framework/base/CModule.php(394): CDbConnection->init()
#3 /var/www/html/yii.1.1.25/framework/base/CModule.php(103): CModule->getComponent('db')
#4 /var/www/html/yii.1.1.25/framework/gii/generators/model/ModelCode.php(60): CModule->__get('db')
#5 /var/www/html/yii.1.1.25/framework/web/CFormModel.php(39): ModelCode->init()
#6 /var/www/html/yii.1.1.25/framework/gii/CCodeGenerator.php(153): CFormModel->__construct()
#7 /var/www/html/yii.1.1.25/framework/gii/CCodeGenerator.php(63): CCodeGenerator->prepare()
#8 /var/www/html/yii.1.1.25/framework/web/actions/CInlineAction.php(49): CCodeGenerator->actionIndex()
#9 /var/www/html/yii.1.1.25/framework/web/CController.php(308): CInlineAction->runWithParams(Array)
#10 /var/www/html/yii.1.1.25/framework/web/CController.php(286): CController->runAction(Object(CInlineAction))
#11 /var/www/html/yii.1.1.25/framework/web/CController.php(265): CController->runActionWithFilters(Object(CInlineAction), Array)
#12 /var/www/html/yii.1.1.25/framework/web/CWebApplication.php(282): CController->run('index')
#13 /var/www/html/yii.1.1.25/framework/web/CWebApplication.php(141): CWebApplication->runController('gii/model/index')
#14 /var/www/html/yii.1.1.25/framework/base/CApplication.php(185): CWebApplication->processRequest()
#15 /var/www/html/demotest/index.php(13): CApplication->run()
#16 {main}
REQUEST_URI=/index.php?r=gii/model/index
---
2022/09/14 09:28:48 [error] [exception.CDbException] exception 'CDbException' with message 'CDbConnection failed to open the DB connection: SQLSTATE[HY000] [2054] The server requested authentication method unknown to the client' in /var/www/html/yii.1.1.25/framework/db/CDbConnection.php:399
Stack trace:
#0 /var/www/html/yii.1.1.25/framework/db/CDbConnection.php(347): CDbConnection->open()
#1 /var/www/html/yii.1.1.25/framework/db/CDbConnection.php(325): CDbConnection->setActive(true)
#2 /var/www/html/yii.1.1.25/framework/base/CModule.php(394): CDbConnection->init()
#3 /var/www/html/yii.1.1.25/framework/base/CModule.php(103): CModule->getComponent('db')
#4 /var/www/html/yii.1.1.25/framework/gii/generators/model/ModelCode.php(60): CModule->__get('db')
#5 /var/www/html/yii.1.1.25/framework/web/CFormModel.php(39): ModelCode->init()
#6 /var/www/html/yii.1.1.25/framework/gii/CCodeGenerator.php(153): CFormModel->__construct()
#7 /var/www/html/yii.1.1.25/framework/gii/CCodeGenerator.php(63): CCodeGenerator->prepare()
#8 /var/www/html/yii.1.1.25/framework/web/actions/CInlineAction.php(49): CCodeGenerator->actionIndex()
#9 /var/www/html/yii.1.1.25/framework/web/CController.php(308): CInlineAction->runWithParams(Array)
#10 /var/www/html/yii.1.1.25/framework/web/CController.php(286): CController->runAction(Object(CInlineAction))
#11 /var/www/html/yii.1.1.25/framework/web/CController.php(265): CController->runActionWithFilters(Object(CInlineAction), Array)
#12 /var/www/html/yii.1.1.25/framework/web/CWebApplication.php(282): CController->run('index')
#13 /var/www/html/yii.1.1.25/framework/web/CWebApplication.php(141): CWebApplication->runController('gii/model/index')
#14 /var/www/html/yii.1.1.25/framework/base/CApplication.php(185): CWebApplication->processRequest()
#15 /var/www/html/demotest/index.php(13): CApplication->run()
#16 {main}
REQUEST_URI=/index.php?r=gii/model/index
---
2022/09/14 09:28:49 [error] [exception.CDbException] exception 'CDbException' with message 'CDbConnection failed to open the DB connection: SQLSTATE[HY000] [2054] The server requested authentication method unknown to the client' in /var/www/html/yii.1.1.25/framework/db/CDbConnection.php:399
Stack trace:
#0 /var/www/html/yii.1.1.25/framework/db/CDbConnection.php(347): CDbConnection->open()
#1 /var/www/html/yii.1.1.25/framework/db/CDbConnection.php(325): CDbConnection->setActive(true)
#2 /var/www/html/yii.1.1.25/framework/base/CModule.php(394): CDbConnection->init()
#3 /var/www/html/yii.1.1.25/framework/base/CModule.php(103): CModule->getComponent('db')
#4 /var/www/html/yii.1.1.25/framework/gii/generators/model/ModelCode.php(60): CModule->__get('db')
#5 /var/www/html/yii.1.1.25/framework/web/CFormModel.php(39): ModelCode->init()
#6 /var/www/html/yii.1.1.25/framework/gii/CCodeGenerator.php(153): CFormModel->__construct()
#7 /var/www/html/yii.1.1.25/framework/gii/CCodeGenerator.php(63): CCodeGenerator->prepare()
#8 /var/www/html/yii.1.1.25/framework/web/actions/CInlineAction.php(49): CCodeGenerator->actionIndex()
#9 /var/www/html/yii.1.1.25/framework/web/CController.php(308): CInlineAction->runWithParams(Array)
#10 /var/www/html/yii.1.1.25/framework/web/CController.php(286): CController->runAction(Object(CInlineAction))
#11 /var/www/html/yii.1.1.25/framework/web/CController.php(265): CController->runActionWithFilters(Object(CInlineAction), Array)
#12 /var/www/html/yii.1.1.25/framework/web/CWebApplication.php(282): CController->run('index')
#13 /var/www/html/yii.1.1.25/framework/web/CWebApplication.php(141): CWebApplication->runController('gii/model/index')
#14 /var/www/html/yii.1.1.25/framework/base/CApplication.php(185): CWebApplication->processRequest()
#15 /var/www/html/demotest/index.php(13): CApplication->run()
#16 {main}
REQUEST_URI=/index.php?r=gii/model/index
---
2022/09/14 09:28:49 [error] [exception.CDbException] exception 'CDbException' with message 'CDbConnection failed to open the DB connection: SQLSTATE[HY000] [2054] The server requested authentication method unknown to the client' in /var/www/html/yii.1.1.25/framework/db/CDbConnection.php:399
Stack trace:
#0 /var/www/html/yii.1.1.25/framework/db/CDbConnection.php(347): CDbConnection->open()
#1 /var/www/html/yii.1.1.25/framework/db/CDbConnection.php(325): CDbConnection->setActive(true)
#2 /var/www/html/yii.1.1.25/framework/base/CModule.php(394): CDbConnection->init()
#3 /var/www/html/yii.1.1.25/framework/base/CModule.php(103): CModule->getComponent('db')
#4 /var/www/html/yii.1.1.25/framework/gii/generators/model/ModelCode.php(60): CModule->__get('db')
#5 /var/www/html/yii.1.1.25/framework/web/CFormModel.php(39): ModelCode->init()
#6 /var/www/html/yii.1.1.25/framework/gii/CCodeGenerator.php(153): CFormModel->__construct()
#7 /var/www/html/yii.1.1.25/framework/gii/CCodeGenerator.php(63): CCodeGenerator->prepare()
#8 /var/www/html/yii.1.1.25/framework/web/actions/CInlineAction.php(49): CCodeGenerator->actionIndex()
#9 /var/www/html/yii.1.1.25/framework/web/CController.php(308): CInlineAction->runWithParams(Array)
#10 /var/www/html/yii.1.1.25/framework/web/CController.php(286): CController->runAction(Object(CInlineAction))
#11 /var/www/html/yii.1.1.25/framework/web/CController.php(265): CController->runActionWithFilters(Object(CInlineAction), Array)
#12 /var/www/html/yii.1.1.25/framework/web/CWebApplication.php(282): CController->run('index')
#13 /var/www/html/yii.1.1.25/framework/web/CWebApplication.php(141): CWebApplication->runController('gii/model/index')
#14 /var/www/html/yii.1.1.25/framework/base/CApplication.php(185): CWebApplication->processRequest()
#15 /var/www/html/demotest/index.php(13): CApplication->run()
#16 {main}
REQUEST_URI=/index.php?r=gii/model/index
---
2022/09/14 10:19:18 [error] [exception.CDbException] exception 'CDbException' with message 'CDbConnection failed to open the DB connection: SQLSTATE[HY000] [2054] The server requested authentication method unknown to the client' in /var/www/html/yii.1.1.25/framework/db/CDbConnection.php:399
Stack trace:
#0 /var/www/html/yii.1.1.25/framework/db/CDbConnection.php(347): CDbConnection->open()
#1 /var/www/html/yii.1.1.25/framework/db/CDbConnection.php(325): CDbConnection->setActive(true)
#2 /var/www/html/yii.1.1.25/framework/base/CModule.php(394): CDbConnection->init()
#3 /var/www/html/yii.1.1.25/framework/base/CModule.php(103): CModule->getComponent('db')
#4 /var/www/html/yii.1.1.25/framework/gii/generators/model/ModelCode.php(60): CModule->__get('db')
#5 /var/www/html/yii.1.1.25/framework/web/CFormModel.php(39): ModelCode->init()
#6 /var/www/html/yii.1.1.25/framework/gii/CCodeGenerator.php(153): CFormModel->__construct()
#7 /var/www/html/yii.1.1.25/framework/gii/CCodeGenerator.php(63): CCodeGenerator->prepare()
#8 /var/www/html/yii.1.1.25/framework/web/actions/CInlineAction.php(49): CCodeGenerator->actionIndex()
#9 /var/www/html/yii.1.1.25/framework/web/CController.php(308): CInlineAction->runWithParams(Array)
#10 /var/www/html/yii.1.1.25/framework/web/CController.php(286): CController->runAction(Object(CInlineAction))
#11 /var/www/html/yii.1.1.25/framework/web/CController.php(265): CController->runActionWithFilters(Object(CInlineAction), Array)
#12 /var/www/html/yii.1.1.25/framework/web/CWebApplication.php(282): CController->run('index')
#13 /var/www/html/yii.1.1.25/framework/web/CWebApplication.php(141): CWebApplication->runController('gii/model/index')
#14 /var/www/html/yii.1.1.25/framework/base/CApplication.php(185): CWebApplication->processRequest()
#15 /var/www/html/demotest/index.php(23): CApplication->run()
#16 {main}
REQUEST_URI=/index.php?r=gii/model/index
HTTP_REFERER=http://demotest/index.php?r=gii/default/index
---
2022/09/16 08:34:33 [error] [exception.CDbException] CDbException: CDbConnection failed to open the DB connection: SQLSTATE[HY000] [1049] Unknown database 'demo' in /var/www/html/yii.1.1.25/framework/db/CDbConnection.php:399
Stack trace:
#0 /var/www/html/yii.1.1.25/framework/db/CDbConnection.php(347): CDbConnection->open()
#1 /var/www/html/yii.1.1.25/framework/db/CDbConnection.php(325): CDbConnection->setActive()
#2 /var/www/html/yii.1.1.25/framework/base/CModule.php(394): CDbConnection->init()
#3 /var/www/html/yii.1.1.25/framework/base/CModule.php(103): CModule->getComponent()
#4 /var/www/html/yii.1.1.25/framework/gii/generators/model/ModelCode.php(60): CModule->__get()
#5 /var/www/html/yii.1.1.25/framework/web/CFormModel.php(39): ModelCode->init()
#6 /var/www/html/yii.1.1.25/framework/gii/CCodeGenerator.php(153): CFormModel->__construct()
#7 /var/www/html/yii.1.1.25/framework/gii/CCodeGenerator.php(63): CCodeGenerator->prepare()
#8 /var/www/html/yii.1.1.25/framework/web/actions/CInlineAction.php(49): CCodeGenerator->actionIndex()
#9 /var/www/html/yii.1.1.25/framework/web/CController.php(308): CInlineAction->runWithParams()
#10 /var/www/html/yii.1.1.25/framework/web/CController.php(286): CController->runAction()
#11 /var/www/html/yii.1.1.25/framework/web/CController.php(265): CController->runActionWithFilters()
#12 /var/www/html/yii.1.1.25/framework/web/CWebApplication.php(282): CController->run()
#13 /var/www/html/yii.1.1.25/framework/web/CWebApplication.php(141): CWebApplication->runController()
#14 /var/www/html/yii.1.1.25/framework/base/CApplication.php(185): CWebApplication->processRequest()
#15 /var/www/html/demotest/index.php(23): CApplication->run()
#16 {main}
REQUEST_URI=/index.php?r=gii/model/index
HTTP_REFERER=http://coba/index.php?r=gii/crud/index
---
2022/09/16 08:35:36 [error] [exception.CDbException] CDbException: CDbConnection failed to open the DB connection: SQLSTATE[HY000] [1049] Unknown database 'testdb' in /var/www/html/yii.1.1.25/framework/db/CDbConnection.php:399
Stack trace:
#0 /var/www/html/yii.1.1.25/framework/db/CDbConnection.php(347): CDbConnection->open()
#1 /var/www/html/yii.1.1.25/framework/db/CDbConnection.php(325): CDbConnection->setActive()
#2 /var/www/html/yii.1.1.25/framework/base/CModule.php(394): CDbConnection->init()
#3 /var/www/html/yii.1.1.25/framework/base/CModule.php(103): CModule->getComponent()
#4 /var/www/html/yii.1.1.25/framework/gii/generators/model/ModelCode.php(60): CModule->__get()
#5 /var/www/html/yii.1.1.25/framework/web/CFormModel.php(39): ModelCode->init()
#6 /var/www/html/yii.1.1.25/framework/gii/CCodeGenerator.php(153): CFormModel->__construct()
#7 /var/www/html/yii.1.1.25/framework/gii/CCodeGenerator.php(63): CCodeGenerator->prepare()
#8 /var/www/html/yii.1.1.25/framework/web/actions/CInlineAction.php(49): CCodeGenerator->actionIndex()
#9 /var/www/html/yii.1.1.25/framework/web/CController.php(308): CInlineAction->runWithParams()
#10 /var/www/html/yii.1.1.25/framework/web/CController.php(286): CController->runAction()
#11 /var/www/html/yii.1.1.25/framework/web/CController.php(265): CController->runActionWithFilters()
#12 /var/www/html/yii.1.1.25/framework/web/CWebApplication.php(282): CController->run()
#13 /var/www/html/yii.1.1.25/framework/web/CWebApplication.php(141): CWebApplication->runController()
#14 /var/www/html/yii.1.1.25/framework/base/CApplication.php(185): CWebApplication->processRequest()
#15 /var/www/html/demotest/index.php(23): CApplication->run()
#16 {main}
REQUEST_URI=/index.php?r=gii/model/index
HTTP_REFERER=http://coba/index.php?r=gii
---
2022/10/10 11:52:23 [error] [exception.CException] CException: Property "Jurusan.id_mahasiswa" is not defined. in /var/www/html/yii.1.1.25/framework/base/CComponent.php:130
Stack trace:
#0 /var/www/html/yii.1.1.25/framework/db/ar/CActiveRecord.php(145): CComponent->__get()
#1 /var/www/html/demotest/protected/views/mahasiswa/_view.php(9): CActiveRecord->__get()
#2 /var/www/html/yii.1.1.25/framework/web/CBaseController.php(130): require('...')
#3 /var/www/html/yii.1.1.25/framework/web/CBaseController.php(95): CBaseController->renderInternal()
#4 /var/www/html/yii.1.1.25/framework/zii/widgets/CListView.php(291): CBaseController->renderFile()
#5 /var/www/html/yii.1.1.25/framework/zii/widgets/CBaseListView.php(181): CListView->renderItems()
#6 [internal function]: CBaseListView->renderSection()
#7 /var/www/html/yii.1.1.25/framework/zii/widgets/CBaseListView.php(164): preg_replace_callback()
#8 /var/www/html/yii.1.1.25/framework/zii/widgets/CBaseListView.php(149): CBaseListView->renderContent()
#9 /var/www/html/yii.1.1.25/framework/web/CBaseController.php(182): CBaseListView->run()
#10 /var/www/html/demotest/protected/views/mahasiswa/index.php(19): CBaseController->widget()
#11 /var/www/html/yii.1.1.25/framework/web/CBaseController.php(126): require('...')
#12 /var/www/html/yii.1.1.25/framework/web/CBaseController.php(95): CBaseController->renderInternal()
#13 /var/www/html/yii.1.1.25/framework/web/CController.php(872): CBaseController->renderFile()
#14 /var/www/html/yii.1.1.25/framework/web/CController.php(785): CController->renderPartial()
#15 /var/www/html/demotest/protected/controllers/MahasiswaController.php(128): CController->render()
#16 /var/www/html/yii.1.1.25/framework/web/actions/CInlineAction.php(49): MahasiswaController->actionIndex()
#17 /var/www/html/yii.1.1.25/framework/web/CController.php(308): CInlineAction->runWithParams()
#18 /var/www/html/yii.1.1.25/framework/web/filters/CFilterChain.php(134): CController->runAction()
#19 /var/www/html/yii.1.1.25/framework/web/filters/CFilter.php(40): CFilterChain->run()
#20 /var/www/html/yii.1.1.25/framework/web/CController.php(1148): CFilter->filter()
#21 /var/www/html/yii.1.1.25/framework/web/filters/CInlineFilter.php(58): CController->filterAccessControl()
#22 /var/www/html/yii.1.1.25/framework/web/filters/CFilterChain.php(131): CInlineFilter->filter()
#23 /var/www/html/yii.1.1.25/framework/web/CController.php(291): CFilterChain->run()
#24 /var/www/html/yii.1.1.25/framework/web/CController.php(265): CController->runActionWithFilters()
#25 /var/www/html/yii.1.1.25/framework/web/CWebApplication.php(282): CController->run()
#26 /var/www/html/yii.1.1.25/framework/web/CWebApplication.php(141): CWebApplication->runController()
#27 /var/www/html/yii.1.1.25/framework/base/CApplication.php(185): CWebApplication->processRequest()
#28 /var/www/html/demotest/index.php(12): CApplication->run()
#29 {main}
REQUEST_URI=/index.php?r=mahasiswa/index
HTTP_REFERER=http://coba/index.php?r=mahasiswa/admin
---
2022/10/10 13:27:46 [error] [php] Undefined variable $jurusan (/var/www/html/demotest/protected/views/mahasiswa/_form.php:24)
Stack trace:
#0 /var/www/html/yii.1.1.25/framework/web/CBaseController.php(126): require()
#1 /var/www/html/yii.1.1.25/framework/web/CBaseController.php(95): MahasiswaController->renderInternal()
#2 /var/www/html/yii.1.1.25/framework/web/CController.php(872): MahasiswaController->renderFile()
#3 /var/www/html/demotest/protected/views/mahasiswa/create.php(18): MahasiswaController->renderPartial()
#4 /var/www/html/yii.1.1.25/framework/web/CBaseController.php(126): require()
#5 /var/www/html/yii.1.1.25/framework/web/CBaseController.php(95): MahasiswaController->renderInternal()
#6 /var/www/html/yii.1.1.25/framework/web/CController.php(872): MahasiswaController->renderFile()
#7 /var/www/html/yii.1.1.25/framework/web/CController.php(785): MahasiswaController->renderPartial()
#8 /var/www/html/demotest/protected/controllers/MahasiswaController.php(80): MahasiswaController->render()
#9 /var/www/html/yii.1.1.25/framework/web/actions/CInlineAction.php(49): MahasiswaController->actionCreate()
#10 /var/www/html/yii.1.1.25/framework/web/CController.php(308): CInlineAction->runWithParams()
#11 /var/www/html/yii.1.1.25/framework/web/filters/CFilterChain.php(134): MahasiswaController->runAction()
#12 /var/www/html/yii.1.1.25/framework/web/filters/CFilter.php(40): CFilterChain->run()
#13 /var/www/html/yii.1.1.25/framework/web/CController.php(1148): CAccessControlFilter->filter()
#14 /var/www/html/yii.1.1.25/framework/web/filters/CInlineFilter.php(58): MahasiswaController->filterAccessControl()
#15 /var/www/html/yii.1.1.25/framework/web/filters/CFilterChain.php(131): CInlineFilter->filter()
#16 /var/www/html/yii.1.1.25/framework/web/CController.php(291): CFilterChain->run()
#17 /var/www/html/yii.1.1.25/framework/web/CController.php(265): MahasiswaController->runActionWithFilters()
#18 /var/www/html/yii.1.1.25/framework/web/CWebApplication.php(282): MahasiswaController->run()
#19 /var/www/html/yii.1.1.25/framework/web/CWebApplication.php(141): CWebApplication->runController()
#20 /var/www/html/yii.1.1.25/framework/base/CApplication.php(185): CWebApplication->processRequest()
#21 /var/www/html/demotest/index.php(12): CWebApplication->run()
REQUEST_URI=/index.php?r=mahasiswa/create
in /var/www/html/demotest/protected/views/mahasiswa/_form.php (24)
in /var/www/html/demotest/protected/views/mahasiswa/create.php (18)
in /var/www/html/demotest/protected/controllers/MahasiswaController.php (80)
2022/10/10 13:28:30 [error] [system.db.CDbCommand] CDbCommand::fetchAll() failed: SQLSTATE[42S22]: Column not found: 1054 Unknown column 'name' in 'order clause'. The SQL statement executed was: SELECT * FROM `jurusan` `t` ORDER BY name.
in /var/www/html/demotest/protected/models/Jurusan.php (100)
in /var/www/html/demotest/protected/controllers/MahasiswaController.php (80)
in /var/www/html/demotest/index.php (12)
2022/10/10 13:28:30 [error] [exception.CDbException] CDbException: CDbCommand failed to execute the SQL statement: SQLSTATE[42S22]: Column not found: 1054 Unknown column 'name' in 'order clause'. The SQL statement executed was: SELECT * FROM `jurusan` `t` ORDER BY name in /var/www/html/yii.1.1.25/framework/db/CDbCommand.php:543
Stack trace:
#0 /var/www/html/yii.1.1.25/framework/db/CDbCommand.php(396): CDbCommand->queryInternal()
#1 /var/www/html/yii.1.1.25/framework/db/ar/CActiveRecord.php(1359): CDbCommand->queryAll()
#2 /var/www/html/yii.1.1.25/framework/db/ar/CActiveRecord.php(1478): CActiveRecord->query()
#3 /var/www/html/demotest/protected/models/Jurusan.php(100): CActiveRecord->findAll()
#4 /var/www/html/demotest/protected/controllers/MahasiswaController.php(80): Jurusan->getOptions()
#5 /var/www/html/yii.1.1.25/framework/web/actions/CInlineAction.php(49): MahasiswaController->actionCreate()
#6 /var/www/html/yii.1.1.25/framework/web/CController.php(308): CInlineAction->runWithParams()
#7 /var/www/html/yii.1.1.25/framework/web/filters/CFilterChain.php(134): CController->runAction()
#8 /var/www/html/yii.1.1.25/framework/web/filters/CFilter.php(40): CFilterChain->run()
#9 /var/www/html/yii.1.1.25/framework/web/CController.php(1148): CFilter->filter()
#10 /var/www/html/yii.1.1.25/framework/web/filters/CInlineFilter.php(58): CController->filterAccessControl()
#11 /var/www/html/yii.1.1.25/framework/web/filters/CFilterChain.php(131): CInlineFilter->filter()
#12 /var/www/html/yii.1.1.25/framework/web/CController.php(291): CFilterChain->run()
#13 /var/www/html/yii.1.1.25/framework/web/CController.php(265): CController->runActionWithFilters()
#14 /var/www/html/yii.1.1.25/framework/web/CWebApplication.php(282): CController->run()
#15 /var/www/html/yii.1.1.25/framework/web/CWebApplication.php(141): CWebApplication->runController()
#16 /var/www/html/yii.1.1.25/framework/base/CApplication.php(185): CWebApplication->processRequest()
#17 /var/www/html/demotest/index.php(12): CApplication->run()
#18 {main}
REQUEST_URI=/index.php?r=mahasiswa/create
HTTP_REFERER=http://coba/index.php?r=site/login
---
2022/10/10 13:29:14 [error] [php] Undefined variable $jurusan (/var/www/html/demotest/protected/views/mahasiswa/_form.php:24)
Stack trace:
#0 /var/www/html/yii.1.1.25/framework/web/CBaseController.php(126): require()
#1 /var/www/html/yii.1.1.25/framework/web/CBaseController.php(95): MahasiswaController->renderInternal()
#2 /var/www/html/yii.1.1.25/framework/web/CController.php(872): MahasiswaController->renderFile()
#3 /var/www/html/demotest/protected/views/mahasiswa/create.php(18): MahasiswaController->renderPartial()
#4 /var/www/html/yii.1.1.25/framework/web/CBaseController.php(126): require()
#5 /var/www/html/yii.1.1.25/framework/web/CBaseController.php(95): MahasiswaController->renderInternal()
#6 /var/www/html/yii.1.1.25/framework/web/CController.php(872): MahasiswaController->renderFile()
#7 /var/www/html/yii.1.1.25/framework/web/CController.php(785): MahasiswaController->renderPartial()
#8 /var/www/html/demotest/protected/controllers/MahasiswaController.php(80): MahasiswaController->render()
#9 /var/www/html/yii.1.1.25/framework/web/actions/CInlineAction.php(49): MahasiswaController->actionCreate()
#10 /var/www/html/yii.1.1.25/framework/web/CController.php(308): CInlineAction->runWithParams()
#11 /var/www/html/yii.1.1.25/framework/web/filters/CFilterChain.php(134): MahasiswaController->runAction()
#12 /var/www/html/yii.1.1.25/framework/web/filters/CFilter.php(40): CFilterChain->run()
#13 /var/www/html/yii.1.1.25/framework/web/CController.php(1148): CAccessControlFilter->filter()
#14 /var/www/html/yii.1.1.25/framework/web/filters/CInlineFilter.php(58): MahasiswaController->filterAccessControl()
#15 /var/www/html/yii.1.1.25/framework/web/filters/CFilterChain.php(131): CInlineFilter->filter()
#16 /var/www/html/yii.1.1.25/framework/web/CController.php(291): CFilterChain->run()
#17 /var/www/html/yii.1.1.25/framework/web/CController.php(265): MahasiswaController->runActionWithFilters()
#18 /var/www/html/yii.1.1.25/framework/web/CWebApplication.php(282): MahasiswaController->run()
#19 /var/www/html/yii.1.1.25/framework/web/CWebApplication.php(141): CWebApplication->runController()
#20 /var/www/html/yii.1.1.25/framework/base/CApplication.php(185): CWebApplication->processRequest()
#21 /var/www/html/demotest/index.php(12): CWebApplication->run()
REQUEST_URI=/index.php?r=mahasiswa/create
in /var/www/html/demotest/protected/views/mahasiswa/_form.php (24)
in /var/www/html/demotest/protected/views/mahasiswa/create.php (18)
in /var/www/html/demotest/protected/controllers/MahasiswaController.php (80)
2022/10/10 14:01:28 [error] [exception.CException] CException: Property "Mahasiswa.active" is not defined. in /var/www/html/yii.1.1.25/framework/base/CComponent.php:130
Stack trace:
#0 /var/www/html/yii.1.1.25/framework/db/ar/CActiveRecord.php(145): CComponent->__get()
#1 /var/www/html/yii.1.1.25/framework/web/helpers/CHtml.php(2784): CActiveRecord->__get()
#2 /var/www/html/yii.1.1.25/framework/web/helpers/CHtml.php(2008): CHtml::resolveValue()
#3 /var/www/html/yii.1.1.25/framework/web/widgets/CActiveForm.php(915): CHtml::activeDropDownList()
#4 /var/www/html/demotest/protected/views/mahasiswa/_form.php(54): CActiveForm->dropDownList()
#5 /var/www/html/yii.1.1.25/framework/web/CBaseController.php(126): require('...')
#6 /var/www/html/yii.1.1.25/framework/web/CBaseController.php(95): CBaseController->renderInternal()
#7 /var/www/html/yii.1.1.25/framework/web/CController.php(872): CBaseController->renderFile()
#8 /var/www/html/demotest/protected/views/mahasiswa/create.php(18): CController->renderPartial()
#9 /var/www/html/yii.1.1.25/framework/web/CBaseController.php(126): require('...')
#10 /var/www/html/yii.1.1.25/framework/web/CBaseController.php(95): CBaseController->renderInternal()
#11 /var/www/html/yii.1.1.25/framework/web/CController.php(872): CBaseController->renderFile()
#12 /var/www/html/yii.1.1.25/framework/web/CController.php(785): CController->renderPartial()
#13 /var/www/html/demotest/protected/controllers/MahasiswaController.php(79): CController->render()
#14 /var/www/html/yii.1.1.25/framework/web/actions/CInlineAction.php(49): MahasiswaController->actionCreate()
#15 /var/www/html/yii.1.1.25/framework/web/CController.php(308): CInlineAction->runWithParams()
#16 /var/www/html/yii.1.1.25/framework/web/filters/CFilterChain.php(134): CController->runAction()
#17 /var/www/html/yii.1.1.25/framework/web/filters/CFilter.php(40): CFilterChain->run()
#18 /var/www/html/yii.1.1.25/framework/web/CController.php(1148): CFilter->filter()
#19 /var/www/html/yii.1.1.25/framework/web/filters/CInlineFilter.php(58): CController->filterAccessControl()
#20 /var/www/html/yii.1.1.25/framework/web/filters/CFilterChain.php(131): CInlineFilter->filter()
#21 /var/www/html/yii.1.1.25/framework/web/CController.php(291): CFilterChain->run()
#22 /var/www/html/yii.1.1.25/framework/web/CController.php(265): CController->runActionWithFilters()
#23 /var/www/html/yii.1.1.25/framework/web/CWebApplication.php(282): CController->run()
#24 /var/www/html/yii.1.1.25/framework/web/CWebApplication.php(141): CWebApplication->runController()
#25 /var/www/html/yii.1.1.25/framework/base/CApplication.php(185): CWebApplication->processRequest()
#26 /var/www/html/demotest/index.php(12): CApplication->run()
#27 {main}
REQUEST_URI=/index.php?r=mahasiswa/create
HTTP_REFERER=http://coba/index.php?r=mahasiswa/index
---
2022/10/10 15:27:21 [error] [exception.CException] CException: CActiveForm and its behaviors do not have a method or closure named "field". in /var/www/html/yii.1.1.25/framework/base/CComponent.php:266
Stack trace:
#0 /var/www/html/demotest/protected/views/mahasiswa/_form.php(48): CComponent->__call()
#1 /var/www/html/yii.1.1.25/framework/web/CBaseController.php(126): require('...')
#2 /var/www/html/yii.1.1.25/framework/web/CBaseController.php(95): CBaseController->renderInternal()
#3 /var/www/html/yii.1.1.25/framework/web/CController.php(872): CBaseController->renderFile()
#4 /var/www/html/demotest/protected/views/mahasiswa/create.php(18): CController->renderPartial()
#5 /var/www/html/yii.1.1.25/framework/web/CBaseController.php(126): require('...')
#6 /var/www/html/yii.1.1.25/framework/web/CBaseController.php(95): CBaseController->renderInternal()
#7 /var/www/html/yii.1.1.25/framework/web/CController.php(872): CBaseController->renderFile()
#8 /var/www/html/yii.1.1.25/framework/web/CController.php(785): CController->renderPartial()
#9 /var/www/html/demotest/protected/controllers/MahasiswaController.php(79): CController->render()
#10 /var/www/html/yii.1.1.25/framework/web/actions/CInlineAction.php(49): MahasiswaController->actionCreate()
#11 /var/www/html/yii.1.1.25/framework/web/CController.php(308): CInlineAction->runWithParams()
#12 /var/www/html/yii.1.1.25/framework/web/filters/CFilterChain.php(134): CController->runAction()
#13 /var/www/html/yii.1.1.25/framework/web/filters/CFilter.php(40): CFilterChain->run()
#14 /var/www/html/yii.1.1.25/framework/web/CController.php(1148): CFilter->filter()
#15 /var/www/html/yii.1.1.25/framework/web/filters/CInlineFilter.php(58): CController->filterAccessControl()
#16 /var/www/html/yii.1.1.25/framework/web/filters/CFilterChain.php(131): CInlineFilter->filter()
#17 /var/www/html/yii.1.1.25/framework/web/CController.php(291): CFilterChain->run()
#18 /var/www/html/yii.1.1.25/framework/web/CController.php(265): CController->runActionWithFilters()
#19 /var/www/html/yii.1.1.25/framework/web/CWebApplication.php(282): CController->run()
#20 /var/www/html/yii.1.1.25/framework/web/CWebApplication.php(141): CWebApplication->runController()
#21 /var/www/html/yii.1.1.25/framework/base/CApplication.php(185): CWebApplication->processRequest()
#22 /var/www/html/demotest/index.php(12): CApplication->run()
#23 {main}
REQUEST_URI=/index.php?r=mahasiswa/create
HTTP_REFERER=http://coba/index.php?r=site/login
---
2022/10/10 15:28:00 [error] [exception.Error] Error: Call to a member function widget() on string in /var/www/html/demotest/protected/views/mahasiswa/_form.php:48
Stack trace:
#0 /var/www/html/yii.1.1.25/framework/web/CBaseController.php(126): require()
#1 /var/www/html/yii.1.1.25/framework/web/CBaseController.php(95): CBaseController->renderInternal()
#2 /var/www/html/yii.1.1.25/framework/web/CController.php(872): CBaseController->renderFile()
#3 /var/www/html/demotest/protected/views/mahasiswa/create.php(18): CController->renderPartial()
#4 /var/www/html/yii.1.1.25/framework/web/CBaseController.php(126): require('...')
#5 /var/www/html/yii.1.1.25/framework/web/CBaseController.php(95): CBaseController->renderInternal()
#6 /var/www/html/yii.1.1.25/framework/web/CController.php(872): CBaseController->renderFile()
#7 /var/www/html/yii.1.1.25/framework/web/CController.php(785): CController->renderPartial()
#8 /var/www/html/demotest/protected/controllers/MahasiswaController.php(79): CController->render()
#9 /var/www/html/yii.1.1.25/framework/web/actions/CInlineAction.php(49): MahasiswaController->actionCreate()
#10 /var/www/html/yii.1.1.25/framework/web/CController.php(308): CInlineAction->runWithParams()
#11 /var/www/html/yii.1.1.25/framework/web/filters/CFilterChain.php(134): CController->runAction()
#12 /var/www/html/yii.1.1.25/framework/web/filters/CFilter.php(40): CFilterChain->run()
#13 /var/www/html/yii.1.1.25/framework/web/CController.php(1148): CFilter->filter()
#14 /var/www/html/yii.1.1.25/framework/web/filters/CInlineFilter.php(58): CController->filterAccessControl()
#15 /var/www/html/yii.1.1.25/framework/web/filters/CFilterChain.php(131): CInlineFilter->filter()
#16 /var/www/html/yii.1.1.25/framework/web/CController.php(291): CFilterChain->run()
#17 /var/www/html/yii.1.1.25/framework/web/CController.php(265): CController->runActionWithFilters()
#18 /var/www/html/yii.1.1.25/framework/web/CWebApplication.php(282): CController->run()
#19 /var/www/html/yii.1.1.25/framework/web/CWebApplication.php(141): CWebApplication->runController()
#20 /var/www/html/yii.1.1.25/framework/base/CApplication.php(185): CWebApplication->processRequest()
#21 /var/www/html/demotest/index.php(12): CApplication->run()
#22 {main}
REQUEST_URI=/index.php?r=mahasiswa/create
HTTP_REFERER=http://coba/index.php?r=site/login
---
2022/10/10 15:31:27 [error] [exception.CException] CException: Property "Mahasiswa.date_mutation" is not defined. in /var/www/html/yii.1.1.25/framework/base/CComponent.php:130
Stack trace:
#0 /var/www/html/yii.1.1.25/framework/db/ar/CActiveRecord.php(145): CComponent->__get()
#1 /var/www/html/demotest/protected/views/mahasiswa/_form.php(51): CActiveRecord->__get()
#2 /var/www/html/yii.1.1.25/framework/web/CBaseController.php(126): require('...')
#3 /var/www/html/yii.1.1.25/framework/web/CBaseController.php(95): CBaseController->renderInternal()
#4 /var/www/html/yii.1.1.25/framework/web/CController.php(872): CBaseController->renderFile()
#5 /var/www/html/demotest/protected/views/mahasiswa/create.php(18): CController->renderPartial()
#6 /var/www/html/yii.1.1.25/framework/web/CBaseController.php(126): require('...')
#7 /var/www/html/yii.1.1.25/framework/web/CBaseController.php(95): CBaseController->renderInternal()
#8 /var/www/html/yii.1.1.25/framework/web/CController.php(872): CBaseController->renderFile()
#9 /var/www/html/yii.1.1.25/framework/web/CController.php(785): CController->renderPartial()
#10 /var/www/html/demotest/protected/controllers/MahasiswaController.php(79): CController->render()
#11 /var/www/html/yii.1.1.25/framework/web/actions/CInlineAction.php(49): MahasiswaController->actionCreate()
#12 /var/www/html/yii.1.1.25/framework/web/CController.php(308): CInlineAction->runWithParams()
#13 /var/www/html/yii.1.1.25/framework/web/filters/CFilterChain.php(134): CController->runAction()
#14 /var/www/html/yii.1.1.25/framework/web/filters/CFilter.php(40): CFilterChain->run()
#15 /var/www/html/yii.1.1.25/framework/web/CController.php(1148): CFilter->filter()
#16 /var/www/html/yii.1.1.25/framework/web/filters/CInlineFilter.php(58): CController->filterAccessControl()
#17 /var/www/html/yii.1.1.25/framework/web/filters/CFilterChain.php(131): CInlineFilter->filter()
#18 /var/www/html/yii.1.1.25/framework/web/CController.php(291): CFilterChain->run()
#19 /var/www/html/yii.1.1.25/framework/web/CController.php(265): CController->runActionWithFilters()
#20 /var/www/html/yii.1.1.25/framework/web/CWebApplication.php(282): CController->run()
#21 /var/www/html/yii.1.1.25/framework/web/CWebApplication.php(141): CWebApplication->runController()
#22 /var/www/html/yii.1.1.25/framework/base/CApplication.php(185): CWebApplication->processRequest()
#23 /var/www/html/demotest/index.php(12): CApplication->run()
#24 {main}
REQUEST_URI=/index.php?r=mahasiswa/create
HTTP_REFERER=http://coba/index.php?r=site/login
---
2022/10/10 15:31:29 [error] [exception.CException] CException: Property "Mahasiswa.date_mutation" is not defined. in /var/www/html/yii.1.1.25/framework/base/CComponent.php:130
Stack trace:
#0 /var/www/html/yii.1.1.25/framework/db/ar/CActiveRecord.php(145): CComponent->__get()
#1 /var/www/html/demotest/protected/views/mahasiswa/_form.php(51): CActiveRecord->__get()
#2 /var/www/html/yii.1.1.25/framework/web/CBaseController.php(126): require('...')
#3 /var/www/html/yii.1.1.25/framework/web/CBaseController.php(95): CBaseController->renderInternal()
#4 /var/www/html/yii.1.1.25/framework/web/CController.php(872): CBaseController->renderFile()
#5 /var/www/html/demotest/protected/views/mahasiswa/create.php(18): CController->renderPartial()
#6 /var/www/html/yii.1.1.25/framework/web/CBaseController.php(126): require('...')
#7 /var/www/html/yii.1.1.25/framework/web/CBaseController.php(95): CBaseController->renderInternal()
#8 /var/www/html/yii.1.1.25/framework/web/CController.php(872): CBaseController->renderFile()
#9 /var/www/html/yii.1.1.25/framework/web/CController.php(785): CController->renderPartial()
#10 /var/www/html/demotest/protected/controllers/MahasiswaController.php(79): CController->render()
#11 /var/www/html/yii.1.1.25/framework/web/actions/CInlineAction.php(49): MahasiswaController->actionCreate()
#12 /var/www/html/yii.1.1.25/framework/web/CController.php(308): CInlineAction->runWithParams()
#13 /var/www/html/yii.1.1.25/framework/web/filters/CFilterChain.php(134): CController->runAction()
#14 /var/www/html/yii.1.1.25/framework/web/filters/CFilter.php(40): CFilterChain->run()
#15 /var/www/html/yii.1.1.25/framework/web/CController.php(1148): CFilter->filter()
#16 /var/www/html/yii.1.1.25/framework/web/filters/CInlineFilter.php(58): CController->filterAccessControl()
#17 /var/www/html/yii.1.1.25/framework/web/filters/CFilterChain.php(131): CInlineFilter->filter()
#18 /var/www/html/yii.1.1.25/framework/web/CController.php(291): CFilterChain->run()
#19 /var/www/html/yii.1.1.25/framework/web/CController.php(265): CController->runActionWithFilters()
#20 /var/www/html/yii.1.1.25/framework/web/CWebApplication.php(282): CController->run()
#21 /var/www/html/yii.1.1.25/framework/web/CWebApplication.php(141): CWebApplication->runController()
#22 /var/www/html/yii.1.1.25/framework/base/CApplication.php(185): CWebApplication->processRequest()
#23 /var/www/html/demotest/index.php(12): CApplication->run()
#24 {main}
REQUEST_URI=/index.php?r=mahasiswa/create
HTTP_REFERER=http://coba/index.php?r=site/login
---
2022/10/10 15:31:29 [error] [exception.CException] CException: Property "Mahasiswa.date_mutation" is not defined. in /var/www/html/yii.1.1.25/framework/base/CComponent.php:130
Stack trace:
#0 /var/www/html/yii.1.1.25/framework/db/ar/CActiveRecord.php(145): CComponent->__get()
#1 /var/www/html/demotest/protected/views/mahasiswa/_form.php(51): CActiveRecord->__get()
#2 /var/www/html/yii.1.1.25/framework/web/CBaseController.php(126): require('...')
#3 /var/www/html/yii.1.1.25/framework/web/CBaseController.php(95): CBaseController->renderInternal()
#4 /var/www/html/yii.1.1.25/framework/web/CController.php(872): CBaseController->renderFile()
#5 /var/www/html/demotest/protected/views/mahasiswa/create.php(18): CController->renderPartial()
#6 /var/www/html/yii.1.1.25/framework/web/CBaseController.php(126): require('...')
#7 /var/www/html/yii.1.1.25/framework/web/CBaseController.php(95): CBaseController->renderInternal()
#8 /var/www/html/yii.1.1.25/framework/web/CController.php(872): CBaseController->renderFile()
#9 /var/www/html/yii.1.1.25/framework/web/CController.php(785): CController->renderPartial()
#10 /var/www/html/demotest/protected/controllers/MahasiswaController.php(79): CController->render()
#11 /var/www/html/yii.1.1.25/framework/web/actions/CInlineAction.php(49): MahasiswaController->actionCreate()
#12 /var/www/html/yii.1.1.25/framework/web/CController.php(308): CInlineAction->runWithParams()
#13 /var/www/html/yii.1.1.25/framework/web/filters/CFilterChain.php(134): CController->runAction()
#14 /var/www/html/yii.1.1.25/framework/web/filters/CFilter.php(40): CFilterChain->run()
#15 /var/www/html/yii.1.1.25/framework/web/CController.php(1148): CFilter->filter()
#16 /var/www/html/yii.1.1.25/framework/web/filters/CInlineFilter.php(58): CController->filterAccessControl()
#17 /var/www/html/yii.1.1.25/framework/web/filters/CFilterChain.php(131): CInlineFilter->filter()
#18 /var/www/html/yii.1.1.25/framework/web/CController.php(291): CFilterChain->run()
#19 /var/www/html/yii.1.1.25/framework/web/CController.php(265): CController->runActionWithFilters()
#20 /var/www/html/yii.1.1.25/framework/web/CWebApplication.php(282): CController->run()
#21 /var/www/html/yii.1.1.25/framework/web/CWebApplication.php(141): CWebApplication->runController()
#22 /var/www/html/yii.1.1.25/framework/base/CApplication.php(185): CWebApplication->processRequest()
#23 /var/www/html/demotest/index.php(12): CApplication->run()
#24 {main}
REQUEST_URI=/index.php?r=mahasiswa/create
HTTP_REFERER=http://coba/index.php?r=site/login
---
2022/10/11 10:41:02 [error] [exception.CException] CException: Property "Mahasiswa.nama_jurusan" is not defined. in /var/www/html/yii.1.1.25/framework/base/CComponent.php:130
Stack trace:
#0 /var/www/html/yii.1.1.25/framework/db/ar/CActiveRecord.php(145): CComponent->__get()
#1 /var/www/html/yii.1.1.25/framework/web/helpers/CHtml.php(2784): CActiveRecord->__get()
#2 /var/www/html/yii.1.1.25/framework/web/helpers/CHtml.php(2507): CHtml::resolveValue()
#3 /var/www/html/yii.1.1.25/framework/web/helpers/CHtml.php(1554): CHtml::activeInputField()
#4 /var/www/html/yii.1.1.25/framework/zii/widgets/grid/CDataColumn.php(110): CHtml::activeTextField()
#5 /var/www/html/yii.1.1.25/framework/zii/widgets/grid/CGridColumn.php(259): CDataColumn->getFilterCellContent()
#6 /var/www/html/yii.1.1.25/framework/zii/widgets/grid/CGridColumn.php(125): CGridColumn->renderFilterCellContent()
#7 /var/www/html/yii.1.1.25/framework/zii/widgets/grid/CGridView.php(555): CGridColumn->renderFilterCell()
#8 /var/www/html/yii.1.1.25/framework/zii/widgets/grid/CGridView.php(533): CGridView->renderFilter()
#9 /var/www/html/yii.1.1.25/framework/zii/widgets/grid/CGridView.php(503): CGridView->renderTableHeader()
#10 /var/www/html/yii.1.1.25/framework/zii/widgets/CBaseListView.php(181): CGridView->renderItems()
#11 [internal function]: CBaseListView->renderSection()
#12 /var/www/html/yii.1.1.25/framework/zii/widgets/CBaseListView.php(164): preg_replace_callback()
#13 /var/www/html/yii.1.1.25/framework/zii/widgets/CBaseListView.php(149): CBaseListView->renderContent()
#14 /var/www/html/yii.1.1.25/framework/web/CBaseController.php(182): CBaseListView->run()
#15 /var/www/html/demotest/protected/views/mahasiswa/admin.php(44): CBaseController->widget()
#16 /var/www/html/yii.1.1.25/framework/web/CBaseController.php(126): require('...')
#17 /var/www/html/yii.1.1.25/framework/web/CBaseController.php(95): CBaseController->renderInternal()
#18 /var/www/html/yii.1.1.25/framework/web/CController.php(872): CBaseController->renderFile()
#19 /var/www/html/yii.1.1.25/framework/web/CController.php(785): CController->renderPartial()
#20 /var/www/html/demotest/protected/controllers/MahasiswaController.php(143): CController->render()
#21 /var/www/html/yii.1.1.25/framework/web/actions/CInlineAction.php(49): MahasiswaController->actionAdmin()
#22 /var/www/html/yii.1.1.25/framework/web/CController.php(308): CInlineAction->runWithParams()
#23 /var/www/html/yii.1.1.25/framework/web/filters/CFilterChain.php(134): CController->runAction()
#24 /var/www/html/yii.1.1.25/framework/web/filters/CFilter.php(40): CFilterChain->run()
#25 /var/www/html/yii.1.1.25/framework/web/CController.php(1148): CFilter->filter()
#26 /var/www/html/yii.1.1.25/framework/web/filters/CInlineFilter.php(58): CController->filterAccessControl()
#27 /var/www/html/yii.1.1.25/framework/web/filters/CFilterChain.php(131): CInlineFilter->filter()
#28 /var/www/html/yii.1.1.25/framework/web/CController.php(291): CFilterChain->run()
#29 /var/www/html/yii.1.1.25/framework/web/CController.php(265): CController->runActionWithFilters()
#30 /var/www/html/yii.1.1.25/framework/web/CWebApplication.php(282): CController->run()
#31 /var/www/html/yii.1.1.25/framework/web/CWebApplication.php(141): CWebApplication->runController()
#32 /var/www/html/yii.1.1.25/framework/base/CApplication.php(185): CWebApplication->processRequest()
#33 /var/www/html/demotest/index.php(12): CApplication->run()
#34 {main}
REQUEST_URI=/index.php?r=mahasiswa/admin
HTTP_REFERER=http://coba/index.php?r=mahasiswa/index
---
2022/10/11 12:05:24 [error] [system.db.CDbCommand] CDbCommand::fetchColumn() failed: SQLSTATE[42S22]: Column not found: 1054 Unknown column 'm.id_jurusan' in 'on clause'. The SQL statement executed was: SELECT COUNT(*) FROM `mahasiswa` `t` LEFT JOIN jurusan as j on m.id_jurusan = j.id_jurusan.
in /var/www/html/demotest/protected/views/mahasiswa/admin.php (44)
in /var/www/html/demotest/protected/controllers/MahasiswaController.php (143)
in /var/www/html/demotest/index.php (12)
2022/10/11 12:05:24 [error] [exception.CDbException] CDbException: CDbCommand failed to execute the SQL statement: SQLSTATE[42S22]: Column not found: 1054 Unknown column 'm.id_jurusan' in 'on clause'. The SQL statement executed was: SELECT COUNT(*) FROM `mahasiswa` `t` LEFT JOIN jurusan as j on m.id_jurusan = j.id_jurusan in /var/www/html/yii.1.1.25/framework/db/CDbCommand.php:543
Stack trace:
#0 /var/www/html/yii.1.1.25/framework/db/CDbCommand.php(433): CDbCommand->queryInternal()
#1 /var/www/html/yii.1.1.25/framework/db/ar/CActiveRecord.php(1609): CDbCommand->queryScalar()
#2 /var/www/html/yii.1.1.25/framework/web/CActiveDataProvider.php(228): CActiveRecord->count()
#3 /var/www/html/yii.1.1.25/framework/web/CDataProvider.php(224): CActiveDataProvider->calculateTotalItemCount()
#4 /var/www/html/yii.1.1.25/framework/web/CActiveDataProvider.php(178): CDataProvider->getTotalItemCount()
#5 /var/www/html/yii.1.1.25/framework/web/CDataProvider.php(168): CActiveDataProvider->fetchData()
#6 /var/www/html/yii.1.1.25/framework/zii/widgets/CBaseListView.php(125): CDataProvider->getData()
#7 /var/www/html/yii.1.1.25/framework/zii/widgets/grid/CGridView.php(355): CBaseListView->init()
#8 /var/www/html/yii.1.1.25/framework/web/CBaseController.php(147): CGridView->init()
#9 /var/www/html/yii.1.1.25/framework/web/CBaseController.php(181): CBaseController->createWidget()
#10 /var/www/html/demotest/protected/views/mahasiswa/admin.php(44): CBaseController->widget()
#11 /var/www/html/yii.1.1.25/framework/web/CBaseController.php(126): require('...')
#12 /var/www/html/yii.1.1.25/framework/web/CBaseController.php(95): CBaseController->renderInternal()
#13 /var/www/html/yii.1.1.25/framework/web/CController.php(872): CBaseController->renderFile()
#14 /var/www/html/yii.1.1.25/framework/web/CController.php(785): CController->renderPartial()
#15 /var/www/html/demotest/protected/controllers/MahasiswaController.php(143): CController->render()
#16 /var/www/html/yii.1.1.25/framework/web/actions/CInlineAction.php(49): MahasiswaController->actionAdmin()
#17 /var/www/html/yii.1.1.25/framework/web/CController.php(308): CInlineAction->runWithParams()
#18 /var/www/html/yii.1.1.25/framework/web/filters/CFilterChain.php(134): CController->runAction()
#19 /var/www/html/yii.1.1.25/framework/web/filters/CFilter.php(40): CFilterChain->run()
#20 /var/www/html/yii.1.1.25/framework/web/CController.php(1148): CFilter->filter()
#21 /var/www/html/yii.1.1.25/framework/web/filters/CInlineFilter.php(58): CController->filterAccessControl()
#22 /var/www/html/yii.1.1.25/framework/web/filters/CFilterChain.php(131): CInlineFilter->filter()
#23 /var/www/html/yii.1.1.25/framework/web/CController.php(291): CFilterChain->run()
#24 /var/www/html/yii.1.1.25/framework/web/CController.php(265): CController->runActionWithFilters()
#25 /var/www/html/yii.1.1.25/framework/web/CWebApplication.php(282): CController->run()
#26 /var/www/html/yii.1.1.25/framework/web/CWebApplication.php(141): CWebApplication->runController()
#27 /var/www/html/yii.1.1.25/framework/base/CApplication.php(185): CWebApplication->processRequest()
#28 /var/www/html/demotest/index.php(12): CApplication->run()
#29 {main}
REQUEST_URI=/index.php?r=mahasiswa/admin
HTTP_REFERER=http://coba/index.php?r=site/login
---
2022/10/11 12:07:37 [error] [exception.Error] Error: Undefined constant "asd" in /var/www/html/yii.1.1.25/framework/base/CComponent.php(614) : eval()'d code:1
Stack trace:
#0 /var/www/html/yii.1.1.25/framework/base/CComponent.php(614): eval()
#1 /var/www/html/yii.1.1.25/framework/zii/widgets/grid/CDataColumn.php(148): CComponent->evaluateExpression()
#2 /var/www/html/yii.1.1.25/framework/zii/widgets/grid/CGridColumn.php(237): CDataColumn->getDataCellContent()
#3 /var/www/html/yii.1.1.25/framework/zii/widgets/grid/CGridColumn.php(160): CGridColumn->renderDataCellContent()
#4 /var/www/html/yii.1.1.25/framework/zii/widgets/grid/CGridView.php(655): CGridColumn->renderDataCell()
#5 /var/www/html/yii.1.1.25/framework/zii/widgets/grid/CGridView.php(639): CGridView->renderDataCell()
#6 /var/www/html/yii.1.1.25/framework/zii/widgets/grid/CGridView.php(595): CGridView->renderTableRow()
#7 /var/www/html/yii.1.1.25/framework/zii/widgets/grid/CGridView.php(505): CGridView->renderTableBody()
#8 /var/www/html/yii.1.1.25/framework/zii/widgets/CBaseListView.php(181): CGridView->renderItems()
#9 [internal function]: CBaseListView->renderSection()
#10 /var/www/html/yii.1.1.25/framework/zii/widgets/CBaseListView.php(164): preg_replace_callback()
#11 /var/www/html/yii.1.1.25/framework/zii/widgets/CBaseListView.php(149): CBaseListView->renderContent()
#12 /var/www/html/yii.1.1.25/framework/web/CBaseController.php(182): CBaseListView->run()
#13 /var/www/html/demotest/protected/views/mahasiswa/admin.php(45): CBaseController->widget()
#14 /var/www/html/yii.1.1.25/framework/web/CBaseController.php(126): require('...')
#15 /var/www/html/yii.1.1.25/framework/web/CBaseController.php(95): CBaseController->renderInternal()
#16 /var/www/html/yii.1.1.25/framework/web/CController.php(872): CBaseController->renderFile()
#17 /var/www/html/yii.1.1.25/framework/web/CController.php(785): CController->renderPartial()
#18 /var/www/html/demotest/protected/controllers/MahasiswaController.php(143): CController->render()
#19 /var/www/html/yii.1.1.25/framework/web/actions/CInlineAction.php(49): MahasiswaController->actionAdmin()
#20 /var/www/html/yii.1.1.25/framework/web/CController.php(308): CInlineAction->runWithParams()
#21 /var/www/html/yii.1.1.25/framework/web/filters/CFilterChain.php(134): CController->runAction()
#22 /var/www/html/yii.1.1.25/framework/web/filters/CFilter.php(40): CFilterChain->run()
#23 /var/www/html/yii.1.1.25/framework/web/CController.php(1148): CFilter->filter()
#24 /var/www/html/yii.1.1.25/framework/web/filters/CInlineFilter.php(58): CController->filterAccessControl()
#25 /var/www/html/yii.1.1.25/framework/web/filters/CFilterChain.php(131): CInlineFilter->filter()
#26 /var/www/html/yii.1.1.25/framework/web/CController.php(291): CFilterChain->run()
#27 /var/www/html/yii.1.1.25/framework/web/CController.php(265): CController->runActionWithFilters()
#28 /var/www/html/yii.1.1.25/framework/web/CWebApplication.php(282): CController->run()
#29 /var/www/html/yii.1.1.25/framework/web/CWebApplication.php(141): CWebApplication->runController()
#30 /var/www/html/yii.1.1.25/framework/base/CApplication.php(185): CWebApplication->processRequest()
#31 /var/www/html/demotest/index.php(12): CApplication->run()
#32 {main}
REQUEST_URI=/index.php?r=mahasiswa/admin
HTTP_REFERER=http://coba/index.php?r=site/login
---
2022/10/11 12:07:48 [error] [exception.Error] Error: Undefined constant "nama_jurusan" in /var/www/html/yii.1.1.25/framework/base/CComponent.php(614) : eval()'d code:1
Stack trace:
#0 /var/www/html/yii.1.1.25/framework/base/CComponent.php(614): eval()
#1 /var/www/html/yii.1.1.25/framework/zii/widgets/grid/CDataColumn.php(148): CComponent->evaluateExpression()
#2 /var/www/html/yii.1.1.25/framework/zii/widgets/grid/CGridColumn.php(237): CDataColumn->getDataCellContent()
#3 /var/www/html/yii.1.1.25/framework/zii/widgets/grid/CGridColumn.php(160): CGridColumn->renderDataCellContent()
#4 /var/www/html/yii.1.1.25/framework/zii/widgets/grid/CGridView.php(655): CGridColumn->renderDataCell()
#5 /var/www/html/yii.1.1.25/framework/zii/widgets/grid/CGridView.php(639): CGridView->renderDataCell()
#6 /var/www/html/yii.1.1.25/framework/zii/widgets/grid/CGridView.php(595): CGridView->renderTableRow()
#7 /var/www/html/yii.1.1.25/framework/zii/widgets/grid/CGridView.php(505): CGridView->renderTableBody()
#8 /var/www/html/yii.1.1.25/framework/zii/widgets/CBaseListView.php(181): CGridView->renderItems()
#9 [internal function]: CBaseListView->renderSection()
#10 /var/www/html/yii.1.1.25/framework/zii/widgets/CBaseListView.php(164): preg_replace_callback()
#11 /var/www/html/yii.1.1.25/framework/zii/widgets/CBaseListView.php(149): CBaseListView->renderContent()
#12 /var/www/html/yii.1.1.25/framework/web/CBaseController.php(182): CBaseListView->run()
#13 /var/www/html/demotest/protected/views/mahasiswa/admin.php(45): CBaseController->widget()
#14 /var/www/html/yii.1.1.25/framework/web/CBaseController.php(126): require('...')
#15 /var/www/html/yii.1.1.25/framework/web/CBaseController.php(95): CBaseController->renderInternal()
#16 /var/www/html/yii.1.1.25/framework/web/CController.php(872): CBaseController->renderFile()
#17 /var/www/html/yii.1.1.25/framework/web/CController.php(785): CController->renderPartial()
#18 /var/www/html/demotest/protected/controllers/MahasiswaController.php(143): CController->render()
#19 /var/www/html/yii.1.1.25/framework/web/actions/CInlineAction.php(49): MahasiswaController->actionAdmin()
#20 /var/www/html/yii.1.1.25/framework/web/CController.php(308): CInlineAction->runWithParams()
#21 /var/www/html/yii.1.1.25/framework/web/filters/CFilterChain.php(134): CController->runAction()
#22 /var/www/html/yii.1.1.25/framework/web/filters/CFilter.php(40): CFilterChain->run()
#23 /var/www/html/yii.1.1.25/framework/web/CController.php(1148): CFilter->filter()
#24 /var/www/html/yii.1.1.25/framework/web/filters/CInlineFilter.php(58): CController->filterAccessControl()
#25 /var/www/html/yii.1.1.25/framework/web/filters/CFilterChain.php(131): CInlineFilter->filter()
#26 /var/www/html/yii.1.1.25/framework/web/CController.php(291): CFilterChain->run()
#27 /var/www/html/yii.1.1.25/framework/web/CController.php(265): CController->runActionWithFilters()
#28 /var/www/html/yii.1.1.25/framework/web/CWebApplication.php(282): CController->run()
#29 /var/www/html/yii.1.1.25/framework/web/CWebApplication.php(141): CWebApplication->runController()
#30 /var/www/html/yii.1.1.25/framework/base/CApplication.php(185): CWebApplication->processRequest()
#31 /var/www/html/demotest/index.php(12): CApplication->run()
#32 {main}
REQUEST_URI=/index.php?r=mahasiswa/admin
HTTP_REFERER=http://coba/index.php?r=site/login
---
2022/10/11 15:31:45 [error] [exception.CException] CException: CActiveDataProvider and its behaviors do not have a method or closure named "getValidators". in /var/www/html/yii.1.1.25/framework/base/CComponent.php:266
Stack trace:
#0 /var/www/html/yii.1.1.25/framework/web/helpers/CHtml.php(2491): CComponent->__call()
#1 /var/www/html/yii.1.1.25/framework/web/helpers/CHtml.php(1554): CHtml::activeInputField()
#2 /var/www/html/yii.1.1.25/framework/zii/widgets/grid/CDataColumn.php(110): CHtml::activeTextField()
#3 /var/www/html/yii.1.1.25/framework/zii/widgets/grid/CGridColumn.php(259): CDataColumn->getFilterCellContent()
#4 /var/www/html/yii.1.1.25/framework/zii/widgets/grid/CGridColumn.php(125): CGridColumn->renderFilterCellContent()
#5 /var/www/html/yii.1.1.25/framework/zii/widgets/grid/CGridView.php(555): CGridColumn->renderFilterCell()
#6 /var/www/html/yii.1.1.25/framework/zii/widgets/grid/CGridView.php(533): CGridView->renderFilter()
#7 /var/www/html/yii.1.1.25/framework/zii/widgets/grid/CGridView.php(503): CGridView->renderTableHeader()
#8 /var/www/html/yii.1.1.25/framework/zii/widgets/CBaseListView.php(181): CGridView->renderItems()
#9 [internal function]: CBaseListView->renderSection()
#10 /var/www/html/yii.1.1.25/framework/zii/widgets/CBaseListView.php(164): preg_replace_callback()
#11 /var/www/html/yii.1.1.25/framework/zii/widgets/CBaseListView.php(149): CBaseListView->renderContent()
#12 /var/www/html/yii.1.1.25/framework/web/CBaseController.php(182): CBaseListView->run()
#13 /var/www/html/demotest/protected/views/mahasiswa/admin.php(45): CBaseController->widget()
#14 /var/www/html/yii.1.1.25/framework/web/CBaseController.php(126): require('...')
#15 /var/www/html/yii.1.1.25/framework/web/CBaseController.php(95): CBaseController->renderInternal()
#16 /var/www/html/yii.1.1.25/framework/web/CController.php(872): CBaseController->renderFile()
#17 /var/www/html/yii.1.1.25/framework/web/CController.php(785): CController->renderPartial()
#18 /var/www/html/demotest/protected/controllers/MahasiswaController.php(143): CController->render()
#19 /var/www/html/yii.1.1.25/framework/web/actions/CInlineAction.php(49): MahasiswaController->actionAdmin()
#20 /var/www/html/yii.1.1.25/framework/web/CController.php(308): CInlineAction->runWithParams()
#21 /var/www/html/yii.1.1.25/framework/web/filters/CFilterChain.php(134): CController->runAction()
#22 /var/www/html/yii.1.1.25/framework/web/filters/CFilter.php(40): CFilterChain->run()
#23 /var/www/html/yii.1.1.25/framework/web/CController.php(1148): CFilter->filter()
#24 /var/www/html/yii.1.1.25/framework/web/filters/CInlineFilter.php(58): CController->filterAccessControl()
#25 /var/www/html/yii.1.1.25/framework/web/filters/CFilterChain.php(131): CInlineFilter->filter()
#26 /var/www/html/yii.1.1.25/framework/web/CController.php(291): CFilterChain->run()
#27 /var/www/html/yii.1.1.25/framework/web/CController.php(265): CController->runActionWithFilters()
#28 /var/www/html/yii.1.1.25/framework/web/CWebApplication.php(282): CController->run()
#29 /var/www/html/yii.1.1.25/framework/web/CWebApplication.php(141): CWebApplication->runController()
#30 /var/www/html/yii.1.1.25/framework/base/CApplication.php(185): CWebApplication->processRequest()
#31 /var/www/html/demotest/index.php(12): CApplication->run()
#32 {main}
REQUEST_URI=/index.php?r=mahasiswa/admin
---
